<?xml version="1.0" encoding="UTF-8"?>
<testng-results skipped="0" failed="0" ignored="0" total="1" passed="1">
  <reporter-output>
  </reporter-output>
  <suite name="framework_Structure" duration-ms="36191" started-at="2020-05-22T10:50:16Z" finished-at="2020-05-22T10:50:52Z">
    <groups>
    </groups>
    <test name="Framework practice" duration-ms="36191" started-at="2020-05-22T10:50:16Z" finished-at="2020-05-22T10:50:52Z">
      <class name="com.Framework.TestCases.TC_SampleTest_001">
        <test-method status="PASS" signature="setup(java.lang.String)[pri:0, instance:com.Framework.TestCases.TC_SampleTest_001@11be3c5]" name="setup" is-config="true" duration-ms="29677" started-at="2020-05-22T10:50:16Z" finished-at="2020-05-22T10:50:46Z">
          <params>
            <param index="0">
              <value>
                <![CDATA[firefox]]>
              </value>
            </param>
          </params>
          <reporter-output>
          </reporter-output>
        </test-method> <!-- setup -->
        <test-method status="PASS" signature="firstTest()[pri:0, instance:com.Framework.TestCases.TC_SampleTest_001@11be3c5]" name="firstTest" duration-ms="3957" started-at="2020-05-22T10:50:46Z" finished-at="2020-05-22T10:50:50Z">
          <reporter-output>
          </reporter-output>
        </test-method> <!-- firstTest -->
        <test-method status="PASS" signature="closeBrowser()[pri:0, instance:com.Framework.TestCases.TC_SampleTest_001@11be3c5]" name="closeBrowser" is-config="true" duration-ms="2206" started-at="2020-05-22T10:50:50Z" finished-at="2020-05-22T10:50:52Z">
          <reporter-output>
          </reporter-output>
        </test-method> <!-- closeBrowser -->
      </class> <!-- com.Framework.TestCases.TC_SampleTest_001 -->
    </test> <!-- Framework practice -->
  </suite> <!-- framework_Structure -->
</testng-results>
